<?xml version="1.0" encoding="UTF-8"?>
<!-- Generated by org.testng.reporters.JUnitXMLReporter -->
<testsuite hostname="i-PC" name="Test_Sample" tests="1" failures="0" timestamp="22 Jan 2014 10:59:46 GMT" time="0.075" errors="0">
  <testcase name="@BeforeTest beforeTest" time="0.0" classname="SL8Z.SL8Z_Project_Testng.Create_New_Search">
    <failure type="java.lang.IllegalStateException" message="The driver executable does not exist: C:\Users\i\workspace\SL8Z-Project-Testng\chrome\chromedriver.exe">
      <![CDATA[java.lang.IllegalStateException: The driver executable does not exist: C:\Users\i\workspace\SL8Z-Project-Testng\chrome\chromedriver.exe
	at com.google.common.base.Preconditions.checkState(Preconditions.java:177)
	at org.openqa.selenium.remote.service.DriverService.checkExecutable(DriverService.java:117)
	at org.openqa.selenium.remote.service.DriverService.findExecutable(DriverService.java:112)
	at org.openqa.selenium.chrome.ChromeDriverService.createDefaultService(ChromeDriverService.java:75)
	at org.openqa.selenium.chrome.ChromeDriver.<init>(ChromeDriver.java:107)
	at SL8Z.SL8Z_Project_Testng.Create_New_Search.beforeTest(Create_New_Search.java:151)
... Removed 22 stack frames]]>
    </failure>
  </testcase> <!-- @BeforeTest beforeTest -->
  <testcase name="@AfterTest afterTest" time="0.0" classname="SL8Z.SL8Z_Project_Testng.Create_New_Search">
    <skipped/>
  </testcase> <!-- @AfterTest afterTest -->
  <testcase name="Login" time="0.0" classname="SL8Z.SL8Z_Project_Testng.Create_New_Search">
    <skipped/>
  </testcase> <!-- Login -->
</testsuite> <!-- Test_Sample -->
