<?xml version="1.0" encoding="UTF-8"?>
<testng-results skipped="9" failed="1" total="10" passed="0">
  <reporter-output>
    <line>
      <![CDATA[Navigated to QA Server]]>
    </line>
    <line>
      <![CDATA[Clicked on Login Link]]>
    </line>
    <line>
      <![CDATA[Clicked on Login button]]>
    </line>
    <line>
      <![CDATA[clicked on auto post 009]]>
    </line>
    <line>
      <![CDATA[Clicked on edit button]]>
    </line>
    <line>
      <![CDATA[Verified edit button  navigates to new job posting page]]>
    </line>
    <line>
      <![CDATA[Clicked on edit button]]>
    </line>
    <line>
      <![CDATA[Verified view button  navigates to View Position page]]>
    </line>
    <line>
      <![CDATA[Clicked on OnHold button]]>
    </line>
    <line>
      <![CDATA[Verified Position is OnHold]]>
    </line>
    <line>
      <![CDATA[Clicked on Resume button]]>
    </line>
    <line>
      <![CDATA[Clicked on cancel button]]>
    </line>
    <line>
      <![CDATA[Clicked on Confirm Cancel button]]>
    </line>
    <line>
      <![CDATA[Verified auto post 009 is Cancelled]]>
    </line>
    <line>
      <![CDATA[Clicked on Active tab]]>
    </line>
    <line>
      <![CDATA[clicked on auto post 008]]>
    </line>
    <line>
      <![CDATA[Clicked on edit button]]>
    </line>
    <line>
      <![CDATA[Verified edit button  navigates to new job posting page]]>
    </line>
    <line>
      <![CDATA[Clicked on edit button]]>
    </line>
    <line>
      <![CDATA[Verified view button  navigates to View Position page]]>
    </line>
    <line>
      <![CDATA[Clicked on Engage button]]>
    </line>
    <line>
      <![CDATA[Clicked on Next Button]]>
    </line>
    <line>
      <![CDATA[Entered First Name]]>
    </line>
    <line>
      <![CDATA[Entered Last Name]]>
    </line>
    <line>
      <![CDATA[Entered Address 1]]>
    </line>
    <line>
      <![CDATA[Entered Address 2]]>
    </line>
    <line>
      <![CDATA[Entered  City]]>
    </line>
    <line>
      <![CDATA[Entered  State]]>
    </line>
    <line>
      <![CDATA[Entered  Country]]>
    </line>
    <line>
      <![CDATA[Entered  Zip Code]]>
    </line>
    <line>
      <![CDATA[Entered  Card Number]]>
    </line>
    <line>
      <![CDATA[Selected Month]]>
    </line>
    <line>
      <![CDATA[Selected Year]]>
    </line>
    <line>
      <![CDATA[Entered Security Code]]>
    </line>
    <line>
      <![CDATA[Clicked on Next Button]]>
    </line>
    <line>
      <![CDATA[Clicked on Place Order Button]]>
    </line>
    <line>
      <![CDATA[Clicked on Dashboard Link]]>
    </line>
    <line>
      <![CDATA[Verified auto post 008 is Engaged]]>
    </line>
    <line>
      <![CDATA[Clicked on auto post 008]]>
    </line>
    <line>
      <![CDATA[Clicked on edit button]]>
    </line>
    <line>
      <![CDATA[Verified edit button  navigates to new job posting page]]>
    </line>
    <line>
      <![CDATA[Clicked on edit button]]>
    </line>
    <line>
      <![CDATA[Verified view button  navigates to View Position page]]>
    </line>
    <line>
      <![CDATA[Clicked on Freeze button]]>
    </line>
    <line>
      <![CDATA[Verified Position is freeze]]>
    </line>
    <line>
      <![CDATA[Clicked on unfreeze button]]>
    </line>
    <line>
      <![CDATA[Clicked on cancel button]]>
    </line>
  </reporter-output>
  <suite name="SL8Z-Project" duration-ms="155755" started-at="2014-02-18T09:58:12Z" finished-at="2014-02-18T10:00:48Z">
    <groups>
    </groups>
    <test name="Create New Search" duration-ms="685" started-at="2014-02-18T09:58:12Z" finished-at="2014-02-18T09:58:13Z">
      <class name="com.SL8Z.testcases.Create_New_Search">
        <test-method status="PASS" signature="clearCookies()[pri:0, instance:com.SL8Z.testcases.Create_New_Search@52c93509]" name="clearCookies" is-config="true" duration-ms="646" started-at="2014-02-18T15:28:12Z" finished-at="2014-02-18T15:28:13Z">
          <reporter-output>
          </reporter-output>
        </test-method> <!-- clearCookies -->
        <test-method status="SKIP" signature="isSkipped()[pri:0, instance:com.SL8Z.testcases.Create_New_Search@52c93509]" name="isSkipped" is-config="true" duration-ms="0" started-at="2014-02-18T15:28:13Z" depends-on-methods="com.SL8Z.base.TestBase.clearCookies" finished-at="2014-02-18T15:28:13Z">
          <exception class="org.testng.SkipException">
            <message>
              <![CDATA[Runmode set to No]]>
            </message>
            <full-stacktrace>
              <![CDATA[org.testng.SkipException: Runmode set to No
	at com.SL8Z.testcases.Create_New_Search.isSkipped(Create_New_Search.java:20)
	at sun.reflect.NativeMethodAccessorImpl.invoke0(Native Method)
	at sun.reflect.NativeMethodAccessorImpl.invoke(NativeMethodAccessorImpl.java:57)
	at sun.reflect.DelegatingMethodAccessorImpl.invoke(DelegatingMethodAccessorImpl.java:43)
	at java.lang.reflect.Method.invoke(Method.java:606)
	at org.testng.internal.MethodInvocationHelper.invokeMethod(MethodInvocationHelper.java:84)
	at org.testng.internal.Invoker.invokeConfigurationMethod(Invoker.java:564)
	at org.testng.internal.Invoker.invokeConfigurations(Invoker.java:213)
	at org.testng.internal.Invoker.invokeConfigurations(Invoker.java:138)
	at org.testng.TestRunner.beforeRun(TestRunner.java:641)
	at org.testng.TestRunner.run(TestRunner.java:609)
	at org.testng.SuiteRunner.runTest(SuiteRunner.java:334)
	at org.testng.SuiteRunner.runSequentially(SuiteRunner.java:329)
	at org.testng.SuiteRunner.privateRun(SuiteRunner.java:291)
	at org.testng.SuiteRunner.run(SuiteRunner.java:240)
	at org.testng.SuiteRunnerWorker.runSuite(SuiteRunnerWorker.java:52)
	at org.testng.SuiteRunnerWorker.run(SuiteRunnerWorker.java:86)
	at org.testng.TestNG.runSuitesSequentially(TestNG.java:1224)
	at org.testng.TestNG.runSuitesLocally(TestNG.java:1149)
	at org.testng.TestNG.run(TestNG.java:1057)
	at org.testng.remote.RemoteTestNG.run(RemoteTestNG.java:111)
	at org.testng.remote.RemoteTestNG.initAndRun(RemoteTestNG.java:204)
	at org.testng.remote.RemoteTestNG.main(RemoteTestNG.java:175)
]]>
            </full-stacktrace>
          </exception> <!-- org.testng.SkipException -->
          <reporter-output>
          </reporter-output>
        </test-method> <!-- isSkipped -->
        <test-method status="SKIP" signature="CreateNewSearch(java.lang.String)[pri:0, instance:com.SL8Z.testcases.Create_New_Search@52c93509]" name="CreateNewSearch" duration-ms="0" started-at="2014-02-18T15:28:13Z" data-provider="getData" finished-at="2014-02-18T15:28:13Z">
          <params>
            <param index="0">
              <value>
                <![CDATA[Automated Post 8]]>
              </value>
            </param>
          </params>
          <reporter-output>
          </reporter-output>
        </test-method> <!-- CreateNewSearch -->
      </class> <!-- com.SL8Z.testcases.Create_New_Search -->
    </test> <!-- Create New Search -->
    <test name="Verify Client Side Validation" duration-ms="7" started-at="2014-02-18T09:58:13Z" finished-at="2014-02-18T09:58:13Z">
      <class name="com.SL8Z.testcases.Verify_Client_Side_Validation">
        <test-method status="PASS" signature="clearCookies()[pri:0, instance:com.SL8Z.testcases.Verify_Client_Side_Validation@172d40de]" name="clearCookies" is-config="true" duration-ms="3" started-at="2014-02-18T15:28:13Z" finished-at="2014-02-18T15:28:13Z">
          <reporter-output>
          </reporter-output>
        </test-method> <!-- clearCookies -->
        <test-method status="SKIP" signature="isSkipped()[pri:0, instance:com.SL8Z.testcases.Verify_Client_Side_Validation@172d40de]" name="isSkipped" is-config="true" duration-ms="0" started-at="2014-02-18T15:28:13Z" depends-on-methods="com.SL8Z.base.TestBase.clearCookies" finished-at="2014-02-18T15:28:13Z">
          <exception class="org.testng.SkipException">
            <message>
              <![CDATA[Runmode set to No]]>
            </message>
            <full-stacktrace>
              <![CDATA[org.testng.SkipException: Runmode set to No
	at com.SL8Z.testcases.Verify_Client_Side_Validation.isSkipped(Verify_Client_Side_Validation.java:17)
	at sun.reflect.NativeMethodAccessorImpl.invoke0(Native Method)
	at sun.reflect.NativeMethodAccessorImpl.invoke(NativeMethodAccessorImpl.java:57)
	at sun.reflect.DelegatingMethodAccessorImpl.invoke(DelegatingMethodAccessorImpl.java:43)
	at java.lang.reflect.Method.invoke(Method.java:606)
	at org.testng.internal.MethodInvocationHelper.invokeMethod(MethodInvocationHelper.java:84)
	at org.testng.internal.Invoker.invokeConfigurationMethod(Invoker.java:564)
	at org.testng.internal.Invoker.invokeConfigurations(Invoker.java:213)
	at org.testng.internal.Invoker.invokeConfigurations(Invoker.java:138)
	at org.testng.TestRunner.beforeRun(TestRunner.java:641)
	at org.testng.TestRunner.run(TestRunner.java:609)
	at org.testng.SuiteRunner.runTest(SuiteRunner.java:334)
	at org.testng.SuiteRunner.runSequentially(SuiteRunner.java:329)
	at org.testng.SuiteRunner.privateRun(SuiteRunner.java:291)
	at org.testng.SuiteRunner.run(SuiteRunner.java:240)
	at org.testng.SuiteRunnerWorker.runSuite(SuiteRunnerWorker.java:52)
	at org.testng.SuiteRunnerWorker.run(SuiteRunnerWorker.java:86)
	at org.testng.TestNG.runSuitesSequentially(TestNG.java:1224)
	at org.testng.TestNG.runSuitesLocally(TestNG.java:1149)
	at org.testng.TestNG.run(TestNG.java:1057)
	at org.testng.remote.RemoteTestNG.run(RemoteTestNG.java:111)
	at org.testng.remote.RemoteTestNG.initAndRun(RemoteTestNG.java:204)
	at org.testng.remote.RemoteTestNG.main(RemoteTestNG.java:175)
]]>
            </full-stacktrace>
          </exception> <!-- org.testng.SkipException -->
          <reporter-output>
          </reporter-output>
        </test-method> <!-- isSkipped -->
        <test-method status="SKIP" signature="VerifyClientSideValidation()[pri:0, instance:com.SL8Z.testcases.Verify_Client_Side_Validation@172d40de]" name="VerifyClientSideValidation" duration-ms="1" started-at="2014-02-18T15:28:13Z" finished-at="2014-02-18T15:28:13Z">
          <reporter-output>
          </reporter-output>
        </test-method> <!-- VerifyClientSideValidation -->
      </class> <!-- com.SL8Z.testcases.Verify_Client_Side_Validation -->
    </test> <!-- Verify Client Side Validation -->
    <test name="Verify Server Side Validation" duration-ms="19" started-at="2014-02-18T09:58:13Z" finished-at="2014-02-18T09:58:13Z">
      <class name="com.SL8Z.testcases.Verify_Server_Side_Validation">
        <test-method status="PASS" signature="clearCookies()[pri:0, instance:com.SL8Z.testcases.Verify_Server_Side_Validation@16392c27]" name="clearCookies" is-config="true" duration-ms="16" started-at="2014-02-18T15:28:13Z" finished-at="2014-02-18T15:28:13Z">
          <reporter-output>
          </reporter-output>
        </test-method> <!-- clearCookies -->
        <test-method status="SKIP" signature="isSkipped()[pri:0, instance:com.SL8Z.testcases.Verify_Server_Side_Validation@16392c27]" name="isSkipped" is-config="true" duration-ms="0" started-at="2014-02-18T15:28:13Z" depends-on-methods="com.SL8Z.base.TestBase.clearCookies" finished-at="2014-02-18T15:28:13Z">
          <exception class="org.testng.SkipException">
            <message>
              <![CDATA[Runmode set to No]]>
            </message>
            <full-stacktrace>
              <![CDATA[org.testng.SkipException: Runmode set to No
	at com.SL8Z.testcases.Verify_Server_Side_Validation.isSkipped(Verify_Server_Side_Validation.java:15)
	at sun.reflect.NativeMethodAccessorImpl.invoke0(Native Method)
	at sun.reflect.NativeMethodAccessorImpl.invoke(NativeMethodAccessorImpl.java:57)
	at sun.reflect.DelegatingMethodAccessorImpl.invoke(DelegatingMethodAccessorImpl.java:43)
	at java.lang.reflect.Method.invoke(Method.java:606)
	at org.testng.internal.MethodInvocationHelper.invokeMethod(MethodInvocationHelper.java:84)
	at org.testng.internal.Invoker.invokeConfigurationMethod(Invoker.java:564)
	at org.testng.internal.Invoker.invokeConfigurations(Invoker.java:213)
	at org.testng.internal.Invoker.invokeConfigurations(Invoker.java:138)
	at org.testng.TestRunner.beforeRun(TestRunner.java:641)
	at org.testng.TestRunner.run(TestRunner.java:609)
	at org.testng.SuiteRunner.runTest(SuiteRunner.java:334)
	at org.testng.SuiteRunner.runSequentially(SuiteRunner.java:329)
	at org.testng.SuiteRunner.privateRun(SuiteRunner.java:291)
	at org.testng.SuiteRunner.run(SuiteRunner.java:240)
	at org.testng.SuiteRunnerWorker.runSuite(SuiteRunnerWorker.java:52)
	at org.testng.SuiteRunnerWorker.run(SuiteRunnerWorker.java:86)
	at org.testng.TestNG.runSuitesSequentially(TestNG.java:1224)
	at org.testng.TestNG.runSuitesLocally(TestNG.java:1149)
	at org.testng.TestNG.run(TestNG.java:1057)
	at org.testng.remote.RemoteTestNG.run(RemoteTestNG.java:111)
	at org.testng.remote.RemoteTestNG.initAndRun(RemoteTestNG.java:204)
	at org.testng.remote.RemoteTestNG.main(RemoteTestNG.java:175)
]]>
            </full-stacktrace>
          </exception> <!-- org.testng.SkipException -->
          <reporter-output>
          </reporter-output>
        </test-method> <!-- isSkipped -->
        <test-method status="SKIP" signature="VerifyServerSideValidation()[pri:0, instance:com.SL8Z.testcases.Verify_Server_Side_Validation@16392c27]" name="VerifyServerSideValidation" duration-ms="1" started-at="2014-02-18T15:28:13Z" finished-at="2014-02-18T15:28:13Z">
          <reporter-output>
          </reporter-output>
        </test-method> <!-- VerifyServerSideValidation -->
      </class> <!-- com.SL8Z.testcases.Verify_Server_Side_Validation -->
    </test> <!-- Verify Server Side Validation -->
    <test name="Verify Quick Preview Buttons" duration-ms="14" started-at="2014-02-18T09:58:13Z" finished-at="2014-02-18T09:58:13Z">
      <class name="com.SL8Z.testcases.Verify_Quick_Preview_Buttons">
        <test-method status="PASS" signature="clearCookies()[pri:0, instance:com.SL8Z.testcases.Verify_Quick_Preview_Buttons@622f599d]" name="clearCookies" is-config="true" duration-ms="11" started-at="2014-02-18T15:28:13Z" finished-at="2014-02-18T15:28:13Z">
          <reporter-output>
          </reporter-output>
        </test-method> <!-- clearCookies -->
        <test-method status="SKIP" signature="isSkipped()[pri:0, instance:com.SL8Z.testcases.Verify_Quick_Preview_Buttons@622f599d]" name="isSkipped" is-config="true" duration-ms="0" started-at="2014-02-18T15:28:13Z" depends-on-methods="com.SL8Z.base.TestBase.clearCookies" finished-at="2014-02-18T15:28:13Z">
          <exception class="org.testng.SkipException">
            <message>
              <![CDATA[Runmode set to No]]>
            </message>
            <full-stacktrace>
              <![CDATA[org.testng.SkipException: Runmode set to No
	at com.SL8Z.testcases.Verify_Quick_Preview_Buttons.isSkipped(Verify_Quick_Preview_Buttons.java:17)
	at sun.reflect.NativeMethodAccessorImpl.invoke0(Native Method)
	at sun.reflect.NativeMethodAccessorImpl.invoke(NativeMethodAccessorImpl.java:57)
	at sun.reflect.DelegatingMethodAccessorImpl.invoke(DelegatingMethodAccessorImpl.java:43)
	at java.lang.reflect.Method.invoke(Method.java:606)
	at org.testng.internal.MethodInvocationHelper.invokeMethod(MethodInvocationHelper.java:84)
	at org.testng.internal.Invoker.invokeConfigurationMethod(Invoker.java:564)
	at org.testng.internal.Invoker.invokeConfigurations(Invoker.java:213)
	at org.testng.internal.Invoker.invokeConfigurations(Invoker.java:138)
	at org.testng.TestRunner.beforeRun(TestRunner.java:641)
	at org.testng.TestRunner.run(TestRunner.java:609)
	at org.testng.SuiteRunner.runTest(SuiteRunner.java:334)
	at org.testng.SuiteRunner.runSequentially(SuiteRunner.java:329)
	at org.testng.SuiteRunner.privateRun(SuiteRunner.java:291)
	at org.testng.SuiteRunner.run(SuiteRunner.java:240)
	at org.testng.SuiteRunnerWorker.runSuite(SuiteRunnerWorker.java:52)
	at org.testng.SuiteRunnerWorker.run(SuiteRunnerWorker.java:86)
	at org.testng.TestNG.runSuitesSequentially(TestNG.java:1224)
	at org.testng.TestNG.runSuitesLocally(TestNG.java:1149)
	at org.testng.TestNG.run(TestNG.java:1057)
	at org.testng.remote.RemoteTestNG.run(RemoteTestNG.java:111)
	at org.testng.remote.RemoteTestNG.initAndRun(RemoteTestNG.java:204)
	at org.testng.remote.RemoteTestNG.main(RemoteTestNG.java:175)
]]>
            </full-stacktrace>
          </exception> <!-- org.testng.SkipException -->
          <reporter-output>
          </reporter-output>
        </test-method> <!-- isSkipped -->
        <test-method status="SKIP" signature="VerifyQuickPreviewButtons()[pri:0, instance:com.SL8Z.testcases.Verify_Quick_Preview_Buttons@622f599d]" name="VerifyQuickPreviewButtons" duration-ms="0" started-at="2014-02-18T15:28:13Z" finished-at="2014-02-18T15:28:13Z">
          <reporter-output>
          </reporter-output>
        </test-method> <!-- VerifyQuickPreviewButtons -->
      </class> <!-- com.SL8Z.testcases.Verify_Quick_Preview_Buttons -->
    </test> <!-- Verify Quick Preview Buttons -->
    <test name="Verify Placement Fee" duration-ms="7" started-at="2014-02-18T09:58:13Z" finished-at="2014-02-18T09:58:13Z">
      <class name="com.SL8Z.testcases.Verify_Placement_Fee">
        <test-method status="SKIP" signature="isSkipped()[pri:0, instance:com.SL8Z.testcases.Verify_Placement_Fee@7491a171]" name="isSkipped" is-config="true" duration-ms="0" started-at="2014-02-18T15:28:13Z" finished-at="2014-02-18T15:28:13Z">
          <exception class="org.testng.SkipException">
            <message>
              <![CDATA[Runmode set to No]]>
            </message>
            <full-stacktrace>
              <![CDATA[org.testng.SkipException: Runmode set to No
	at com.SL8Z.testcases.Verify_Placement_Fee.isSkipped(Verify_Placement_Fee.java:15)
	at sun.reflect.NativeMethodAccessorImpl.invoke0(Native Method)
	at sun.reflect.NativeMethodAccessorImpl.invoke(NativeMethodAccessorImpl.java:57)
	at sun.reflect.DelegatingMethodAccessorImpl.invoke(DelegatingMethodAccessorImpl.java:43)
	at java.lang.reflect.Method.invoke(Method.java:606)
	at org.testng.internal.MethodInvocationHelper.invokeMethod(MethodInvocationHelper.java:84)
	at org.testng.internal.Invoker.invokeConfigurationMethod(Invoker.java:564)
	at org.testng.internal.Invoker.invokeConfigurations(Invoker.java:213)
	at org.testng.internal.Invoker.invokeConfigurations(Invoker.java:138)
	at org.testng.TestRunner.beforeRun(TestRunner.java:641)
	at org.testng.TestRunner.run(TestRunner.java:609)
	at org.testng.SuiteRunner.runTest(SuiteRunner.java:334)
	at org.testng.SuiteRunner.runSequentially(SuiteRunner.java:329)
	at org.testng.SuiteRunner.privateRun(SuiteRunner.java:291)
	at org.testng.SuiteRunner.run(SuiteRunner.java:240)
	at org.testng.SuiteRunnerWorker.runSuite(SuiteRunnerWorker.java:52)
	at org.testng.SuiteRunnerWorker.run(SuiteRunnerWorker.java:86)
	at org.testng.TestNG.runSuitesSequentially(TestNG.java:1224)
	at org.testng.TestNG.runSuitesLocally(TestNG.java:1149)
	at org.testng.TestNG.run(TestNG.java:1057)
	at org.testng.remote.RemoteTestNG.run(RemoteTestNG.java:111)
	at org.testng.remote.RemoteTestNG.initAndRun(RemoteTestNG.java:204)
	at org.testng.remote.RemoteTestNG.main(RemoteTestNG.java:175)
]]>
            </full-stacktrace>
          </exception> <!-- org.testng.SkipException -->
          <reporter-output>
          </reporter-output>
        </test-method> <!-- isSkipped -->
        <test-method status="SKIP" signature="VerifyPlacementFee()[pri:0, instance:com.SL8Z.testcases.Verify_Placement_Fee@7491a171]" name="VerifyPlacementFee" duration-ms="1" started-at="2014-02-18T15:28:13Z" finished-at="2014-02-18T15:28:13Z">
          <reporter-output>
          </reporter-output>
        </test-method> <!-- VerifyPlacementFee -->
      </class> <!-- com.SL8Z.testcases.Verify_Placement_Fee -->
    </test> <!-- Verify Placement Fee -->
    <test name="Verify Engagement Dashboard Page Links" duration-ms="4" started-at="2014-02-18T09:58:13Z" finished-at="2014-02-18T09:58:13Z">
      <class name="com.SL8Z.testcases.Verify_Engagement_Dashboard_Page_Links">
        <test-method status="SKIP" signature="isSkipped()[pri:0, instance:com.SL8Z.testcases.Verify_Engagement_Dashboard_Page_Links@7662953a]" name="isSkipped" is-config="true" duration-ms="0" started-at="2014-02-18T15:28:13Z" finished-at="2014-02-18T15:28:13Z">
          <exception class="org.testng.SkipException">
            <message>
              <![CDATA[Runmode set to No]]>
            </message>
            <full-stacktrace>
              <![CDATA[org.testng.SkipException: Runmode set to No
	at com.SL8Z.testcases.Verify_Engagement_Dashboard_Page_Links.isSkipped(Verify_Engagement_Dashboard_Page_Links.java:15)
	at sun.reflect.NativeMethodAccessorImpl.invoke0(Native Method)
	at sun.reflect.NativeMethodAccessorImpl.invoke(NativeMethodAccessorImpl.java:57)
	at sun.reflect.DelegatingMethodAccessorImpl.invoke(DelegatingMethodAccessorImpl.java:43)
	at java.lang.reflect.Method.invoke(Method.java:606)
	at org.testng.internal.MethodInvocationHelper.invokeMethod(MethodInvocationHelper.java:84)
	at org.testng.internal.Invoker.invokeConfigurationMethod(Invoker.java:564)
	at org.testng.internal.Invoker.invokeConfigurations(Invoker.java:213)
	at org.testng.internal.Invoker.invokeConfigurations(Invoker.java:138)
	at org.testng.TestRunner.beforeRun(TestRunner.java:641)
	at org.testng.TestRunner.run(TestRunner.java:609)
	at org.testng.SuiteRunner.runTest(SuiteRunner.java:334)
	at org.testng.SuiteRunner.runSequentially(SuiteRunner.java:329)
	at org.testng.SuiteRunner.privateRun(SuiteRunner.java:291)
	at org.testng.SuiteRunner.run(SuiteRunner.java:240)
	at org.testng.SuiteRunnerWorker.runSuite(SuiteRunnerWorker.java:52)
	at org.testng.SuiteRunnerWorker.run(SuiteRunnerWorker.java:86)
	at org.testng.TestNG.runSuitesSequentially(TestNG.java:1224)
	at org.testng.TestNG.runSuitesLocally(TestNG.java:1149)
	at org.testng.TestNG.run(TestNG.java:1057)
	at org.testng.remote.RemoteTestNG.run(RemoteTestNG.java:111)
	at org.testng.remote.RemoteTestNG.initAndRun(RemoteTestNG.java:204)
	at org.testng.remote.RemoteTestNG.main(RemoteTestNG.java:175)
]]>
            </full-stacktrace>
          </exception> <!-- org.testng.SkipException -->
          <reporter-output>
          </reporter-output>
        </test-method> <!-- isSkipped -->
        <test-method status="SKIP" signature="VerifyEngagementDashboardPageLinks()[pri:0, instance:com.SL8Z.testcases.Verify_Engagement_Dashboard_Page_Links@7662953a]" name="VerifyEngagementDashboardPageLinks" duration-ms="1" started-at="2014-02-18T15:28:13Z" finished-at="2014-02-18T15:28:13Z">
          <reporter-output>
          </reporter-output>
        </test-method> <!-- VerifyEngagementDashboardPageLinks -->
      </class> <!-- com.SL8Z.testcases.Verify_Engagement_Dashboard_Page_Links -->
    </test> <!-- Verify Engagement Dashboard Page Links -->
    <test name="Verify Action Buttons" duration-ms="4" started-at="2014-02-18T09:58:13Z" finished-at="2014-02-18T09:58:13Z">
      <class name="com.SL8Z.testcases.Verify_Action_Buttons">
        <test-method status="SKIP" signature="isSkipped()[pri:0, instance:com.SL8Z.testcases.Verify_Action_Buttons@364f2b6c]" name="isSkipped" is-config="true" duration-ms="0" started-at="2014-02-18T15:28:13Z" finished-at="2014-02-18T15:28:13Z">
          <exception class="org.testng.SkipException">
            <message>
              <![CDATA[Runmode set to No]]>
            </message>
            <full-stacktrace>
              <![CDATA[org.testng.SkipException: Runmode set to No
	at com.SL8Z.testcases.Verify_Action_Buttons.isSkipped(Verify_Action_Buttons.java:15)
	at sun.reflect.NativeMethodAccessorImpl.invoke0(Native Method)
	at sun.reflect.NativeMethodAccessorImpl.invoke(NativeMethodAccessorImpl.java:57)
	at sun.reflect.DelegatingMethodAccessorImpl.invoke(DelegatingMethodAccessorImpl.java:43)
	at java.lang.reflect.Method.invoke(Method.java:606)
	at org.testng.internal.MethodInvocationHelper.invokeMethod(MethodInvocationHelper.java:84)
	at org.testng.internal.Invoker.invokeConfigurationMethod(Invoker.java:564)
	at org.testng.internal.Invoker.invokeConfigurations(Invoker.java:213)
	at org.testng.internal.Invoker.invokeConfigurations(Invoker.java:138)
	at org.testng.TestRunner.beforeRun(TestRunner.java:641)
	at org.testng.TestRunner.run(TestRunner.java:609)
	at org.testng.SuiteRunner.runTest(SuiteRunner.java:334)
	at org.testng.SuiteRunner.runSequentially(SuiteRunner.java:329)
	at org.testng.SuiteRunner.privateRun(SuiteRunner.java:291)
	at org.testng.SuiteRunner.run(SuiteRunner.java:240)
	at org.testng.SuiteRunnerWorker.runSuite(SuiteRunnerWorker.java:52)
	at org.testng.SuiteRunnerWorker.run(SuiteRunnerWorker.java:86)
	at org.testng.TestNG.runSuitesSequentially(TestNG.java:1224)
	at org.testng.TestNG.runSuitesLocally(TestNG.java:1149)
	at org.testng.TestNG.run(TestNG.java:1057)
	at org.testng.remote.RemoteTestNG.run(RemoteTestNG.java:111)
	at org.testng.remote.RemoteTestNG.initAndRun(RemoteTestNG.java:204)
	at org.testng.remote.RemoteTestNG.main(RemoteTestNG.java:175)
]]>
            </full-stacktrace>
          </exception> <!-- org.testng.SkipException -->
          <reporter-output>
          </reporter-output>
        </test-method> <!-- isSkipped -->
        <test-method status="SKIP" signature="VerifyActionButtons()[pri:0, instance:com.SL8Z.testcases.Verify_Action_Buttons@364f2b6c]" name="VerifyActionButtons" duration-ms="0" started-at="2014-02-18T15:28:13Z" finished-at="2014-02-18T15:28:13Z">
          <reporter-output>
          </reporter-output>
        </test-method> <!-- VerifyActionButtons -->
      </class> <!-- com.SL8Z.testcases.Verify_Action_Buttons -->
    </test> <!-- Verify Action Buttons -->
    <test name="Verify Corresponding Numbers" duration-ms="3" started-at="2014-02-18T09:58:13Z" finished-at="2014-02-18T09:58:13Z">
      <class name="com.SL8Z.testcases.Verify_Corresponding_Numbers">
        <test-method status="SKIP" signature="isSkipped()[pri:0, instance:com.SL8Z.testcases.Verify_Corresponding_Numbers@6f8e4035]" name="isSkipped" is-config="true" duration-ms="0" started-at="2014-02-18T15:28:13Z" finished-at="2014-02-18T15:28:13Z">
          <exception class="org.testng.SkipException">
            <message>
              <![CDATA[Runmode set to No]]>
            </message>
            <full-stacktrace>
              <![CDATA[org.testng.SkipException: Runmode set to No
	at com.SL8Z.testcases.Verify_Corresponding_Numbers.isSkipped(Verify_Corresponding_Numbers.java:14)
	at sun.reflect.NativeMethodAccessorImpl.invoke0(Native Method)
	at sun.reflect.NativeMethodAccessorImpl.invoke(NativeMethodAccessorImpl.java:57)
	at sun.reflect.DelegatingMethodAccessorImpl.invoke(DelegatingMethodAccessorImpl.java:43)
	at java.lang.reflect.Method.invoke(Method.java:606)
	at org.testng.internal.MethodInvocationHelper.invokeMethod(MethodInvocationHelper.java:84)
	at org.testng.internal.Invoker.invokeConfigurationMethod(Invoker.java:564)
	at org.testng.internal.Invoker.invokeConfigurations(Invoker.java:213)
	at org.testng.internal.Invoker.invokeConfigurations(Invoker.java:138)
	at org.testng.TestRunner.beforeRun(TestRunner.java:641)
	at org.testng.TestRunner.run(TestRunner.java:609)
	at org.testng.SuiteRunner.runTest(SuiteRunner.java:334)
	at org.testng.SuiteRunner.runSequentially(SuiteRunner.java:329)
	at org.testng.SuiteRunner.privateRun(SuiteRunner.java:291)
	at org.testng.SuiteRunner.run(SuiteRunner.java:240)
	at org.testng.SuiteRunnerWorker.runSuite(SuiteRunnerWorker.java:52)
	at org.testng.SuiteRunnerWorker.run(SuiteRunnerWorker.java:86)
	at org.testng.TestNG.runSuitesSequentially(TestNG.java:1224)
	at org.testng.TestNG.runSuitesLocally(TestNG.java:1149)
	at org.testng.TestNG.run(TestNG.java:1057)
	at org.testng.remote.RemoteTestNG.run(RemoteTestNG.java:111)
	at org.testng.remote.RemoteTestNG.initAndRun(RemoteTestNG.java:204)
	at org.testng.remote.RemoteTestNG.main(RemoteTestNG.java:175)
]]>
            </full-stacktrace>
          </exception> <!-- org.testng.SkipException -->
          <reporter-output>
          </reporter-output>
        </test-method> <!-- isSkipped -->
        <test-method status="SKIP" signature="VerifyCorrespondingNumbers()[pri:0, instance:com.SL8Z.testcases.Verify_Corresponding_Numbers@6f8e4035]" name="VerifyCorrespondingNumbers" duration-ms="1" started-at="2014-02-18T15:28:13Z" finished-at="2014-02-18T15:28:13Z">
          <reporter-output>
          </reporter-output>
        </test-method> <!-- VerifyCorrespondingNumbers -->
      </class> <!-- com.SL8Z.testcases.Verify_Corresponding_Numbers -->
    </test> <!-- Verify Corresponding Numbers -->
    <test name="Verify Corresponding Number Single Job Dashboard" duration-ms="4" started-at="2014-02-18T09:58:13Z" finished-at="2014-02-18T09:58:13Z">
      <class name="com.SL8Z.testcases.Verify_Corresponding_Number_Single_Job_Dashboard$Verify_Corresponding_Numbers">
        <test-method status="SKIP" signature="isSkipped()[pri:0, instance:com.SL8Z.testcases.Verify_Corresponding_Number_Single_Job_Dashboard$Verify_Corresponding_Numbers@2442c1ad]" name="isSkipped" is-config="true" duration-ms="0" started-at="2014-02-18T15:28:13Z" finished-at="2014-02-18T15:28:13Z">
          <exception class="org.testng.SkipException">
            <message>
              <![CDATA[Runmode set to No]]>
            </message>
            <full-stacktrace>
              <![CDATA[org.testng.SkipException: Runmode set to No
	at com.SL8Z.testcases.Verify_Corresponding_Number_Single_Job_Dashboard$Verify_Corresponding_Numbers.isSkipped(Verify_Corresponding_Number_Single_Job_Dashboard.java:16)
	at sun.reflect.NativeMethodAccessorImpl.invoke0(Native Method)
	at sun.reflect.NativeMethodAccessorImpl.invoke(NativeMethodAccessorImpl.java:57)
	at sun.reflect.DelegatingMethodAccessorImpl.invoke(DelegatingMethodAccessorImpl.java:43)
	at java.lang.reflect.Method.invoke(Method.java:606)
	at org.testng.internal.MethodInvocationHelper.invokeMethod(MethodInvocationHelper.java:84)
	at org.testng.internal.Invoker.invokeConfigurationMethod(Invoker.java:564)
	at org.testng.internal.Invoker.invokeConfigurations(Invoker.java:213)
	at org.testng.internal.Invoker.invokeConfigurations(Invoker.java:138)
	at org.testng.TestRunner.beforeRun(TestRunner.java:641)
	at org.testng.TestRunner.run(TestRunner.java:609)
	at org.testng.SuiteRunner.runTest(SuiteRunner.java:334)
	at org.testng.SuiteRunner.runSequentially(SuiteRunner.java:329)
	at org.testng.SuiteRunner.privateRun(SuiteRunner.java:291)
	at org.testng.SuiteRunner.run(SuiteRunner.java:240)
	at org.testng.SuiteRunnerWorker.runSuite(SuiteRunnerWorker.java:52)
	at org.testng.SuiteRunnerWorker.run(SuiteRunnerWorker.java:86)
	at org.testng.TestNG.runSuitesSequentially(TestNG.java:1224)
	at org.testng.TestNG.runSuitesLocally(TestNG.java:1149)
	at org.testng.TestNG.run(TestNG.java:1057)
	at org.testng.remote.RemoteTestNG.run(RemoteTestNG.java:111)
	at org.testng.remote.RemoteTestNG.initAndRun(RemoteTestNG.java:204)
	at org.testng.remote.RemoteTestNG.main(RemoteTestNG.java:175)
]]>
            </full-stacktrace>
          </exception> <!-- org.testng.SkipException -->
          <reporter-output>
          </reporter-output>
        </test-method> <!-- isSkipped -->
        <test-method status="SKIP" signature="VerifyCorrespondingNumberSingleJobDashboard()[pri:0, instance:com.SL8Z.testcases.Verify_Corresponding_Number_Single_Job_Dashboard$Verify_Corresponding_Numbers@2442c1ad]" name="VerifyCorrespondingNumberSingleJobDashboard" duration-ms="1" started-at="2014-02-18T15:28:13Z" finished-at="2014-02-18T15:28:13Z">
          <reporter-output>
          </reporter-output>
        </test-method> <!-- VerifyCorrespondingNumberSingleJobDashboard -->
      </class> <!-- com.SL8Z.testcases.Verify_Corresponding_Number_Single_Job_Dashboard$Verify_Corresponding_Numbers -->
    </test> <!-- Verify Corresponding Number Single Job Dashboard -->
    <test name="Verify Action Buttons Single Job Dashboard" duration-ms="154948" started-at="2014-02-18T09:58:13Z" finished-at="2014-02-18T10:00:48Z">
      <class name="com.SL8Z.testcases.Verify_Action_Buttons_Single_Job_Dashboard">
        <test-method status="PASS" signature="isSkipped()[pri:0, instance:com.SL8Z.testcases.Verify_Action_Buttons_Single_Job_Dashboard@7adbe76f]" name="isSkipped" is-config="true" duration-ms="4" started-at="2014-02-18T15:28:13Z" finished-at="2014-02-18T15:28:13Z">
          <reporter-output>
          </reporter-output>
        </test-method> <!-- isSkipped -->
        <test-method status="FAIL" signature="VerifyActionButtonsSingleJobDashboard()[pri:0, instance:com.SL8Z.testcases.Verify_Action_Buttons_Single_Job_Dashboard@7adbe76f]" name="VerifyActionButtonsSingleJobDashboard" duration-ms="154941" started-at="2014-02-18T15:28:13Z" finished-at="2014-02-18T15:30:48Z">
          <exception class="java.lang.AssertionError">
            <message>
              <![CDATA[Confirm button does not working expected [true] but found [false]]]>
            </message>
            <full-stacktrace>
              <![CDATA[java.lang.AssertionError: Confirm button does not working expected [true] but found [false]
	at org.testng.Assert.fail(Assert.java:94)
	at org.testng.Assert.failNotEquals(Assert.java:494)
	at org.testng.Assert.assertTrue(Assert.java:42)
	at com.SL8Z.utility.TestUtil.VerifyActionButtonsSingleJobDashboard(TestUtil.java:1594)
	at com.SL8Z.testcases.Verify_Action_Buttons_Single_Job_Dashboard.VerifyActionButtonsSingleJobDashboard(Verify_Action_Buttons_Single_Job_Dashboard.java:27)
	at sun.reflect.NativeMethodAccessorImpl.invoke0(Native Method)
	at sun.reflect.NativeMethodAccessorImpl.invoke(NativeMethodAccessorImpl.java:57)
	at sun.reflect.DelegatingMethodAccessorImpl.invoke(DelegatingMethodAccessorImpl.java:43)
	at java.lang.reflect.Method.invoke(Method.java:606)
	at org.testng.internal.MethodInvocationHelper.invokeMethod(MethodInvocationHelper.java:84)
	at org.testng.internal.Invoker.invokeMethod(Invoker.java:714)
	at org.testng.internal.Invoker.invokeTestMethod(Invoker.java:901)
	at org.testng.internal.Invoker.invokeTestMethods(Invoker.java:1231)
	at org.testng.internal.TestMethodWorker.invokeTestMethods(TestMethodWorker.java:127)
	at org.testng.internal.TestMethodWorker.run(TestMethodWorker.java:111)
	at org.testng.TestRunner.privateRun(TestRunner.java:767)
	at org.testng.TestRunner.run(TestRunner.java:617)
	at org.testng.SuiteRunner.runTest(SuiteRunner.java:334)
	at org.testng.SuiteRunner.runSequentially(SuiteRunner.java:329)
	at org.testng.SuiteRunner.privateRun(SuiteRunner.java:291)
	at org.testng.SuiteRunner.run(SuiteRunner.java:240)
	at org.testng.SuiteRunnerWorker.runSuite(SuiteRunnerWorker.java:52)
	at org.testng.SuiteRunnerWorker.run(SuiteRunnerWorker.java:86)
	at org.testng.TestNG.runSuitesSequentially(TestNG.java:1224)
	at org.testng.TestNG.runSuitesLocally(TestNG.java:1149)
	at org.testng.TestNG.run(TestNG.java:1057)
	at org.testng.remote.RemoteTestNG.run(RemoteTestNG.java:111)
	at org.testng.remote.RemoteTestNG.initAndRun(RemoteTestNG.java:204)
	at org.testng.remote.RemoteTestNG.main(RemoteTestNG.java:175)
]]>
            </full-stacktrace>
          </exception> <!-- java.lang.AssertionError -->
          <reporter-output>
            <line>
              <![CDATA[Navigated to QA Server]]>
            </line>
            <line>
              <![CDATA[Clicked on Login Link]]>
            </line>
            <line>
              <![CDATA[Clicked on Login button]]>
            </line>
            <line>
              <![CDATA[clicked on auto post 009]]>
            </line>
            <line>
              <![CDATA[Clicked on edit button]]>
            </line>
            <line>
              <![CDATA[Verified edit button  navigates to new job posting page]]>
            </line>
            <line>
              <![CDATA[Clicked on edit button]]>
            </line>
            <line>
              <![CDATA[Verified view button  navigates to View Position page]]>
            </line>
            <line>
              <![CDATA[Clicked on OnHold button]]>
            </line>
            <line>
              <![CDATA[Verified Position is OnHold]]>
            </line>
            <line>
              <![CDATA[Clicked on Resume button]]>
            </line>
            <line>
              <![CDATA[Clicked on cancel button]]>
            </line>
            <line>
              <![CDATA[Clicked on Confirm Cancel button]]>
            </line>
            <line>
              <![CDATA[Verified auto post 009 is Cancelled]]>
            </line>
            <line>
              <![CDATA[Clicked on Active tab]]>
            </line>
            <line>
              <![CDATA[clicked on auto post 008]]>
            </line>
            <line>
              <![CDATA[Clicked on edit button]]>
            </line>
            <line>
              <![CDATA[Verified edit button  navigates to new job posting page]]>
            </line>
            <line>
              <![CDATA[Clicked on edit button]]>
            </line>
            <line>
              <![CDATA[Verified view button  navigates to View Position page]]>
            </line>
            <line>
              <![CDATA[Clicked on Engage button]]>
            </line>
            <line>
              <![CDATA[Clicked on Next Button]]>
            </line>
            <line>
              <![CDATA[Entered First Name]]>
            </line>
            <line>
              <![CDATA[Entered Last Name]]>
            </line>
            <line>
              <![CDATA[Entered Address 1]]>
            </line>
            <line>
              <![CDATA[Entered Address 2]]>
            </line>
            <line>
              <![CDATA[Entered  City]]>
            </line>
            <line>
              <![CDATA[Entered  State]]>
            </line>
            <line>
              <![CDATA[Entered  Country]]>
            </line>
            <line>
              <![CDATA[Entered  Zip Code]]>
            </line>
            <line>
              <![CDATA[Entered  Card Number]]>
            </line>
            <line>
              <![CDATA[Selected Month]]>
            </line>
            <line>
              <![CDATA[Selected Year]]>
            </line>
            <line>
              <![CDATA[Entered Security Code]]>
            </line>
            <line>
              <![CDATA[Clicked on Next Button]]>
            </line>
            <line>
              <![CDATA[Clicked on Place Order Button]]>
            </line>
            <line>
              <![CDATA[Clicked on Dashboard Link]]>
            </line>
            <line>
              <![CDATA[Verified auto post 008 is Engaged]]>
            </line>
            <line>
              <![CDATA[Clicked on auto post 008]]>
            </line>
            <line>
              <![CDATA[Clicked on edit button]]>
            </line>
            <line>
              <![CDATA[Verified edit button  navigates to new job posting page]]>
            </line>
            <line>
              <![CDATA[Clicked on edit button]]>
            </line>
            <line>
              <![CDATA[Verified view button  navigates to View Position page]]>
            </line>
            <line>
              <![CDATA[Clicked on Freeze button]]>
            </line>
            <line>
              <![CDATA[Verified Position is freeze]]>
            </line>
            <line>
              <![CDATA[Clicked on unfreeze button]]>
            </line>
            <line>
              <![CDATA[Clicked on cancel button]]>
            </line>
          </reporter-output>
        </test-method> <!-- VerifyActionButtonsSingleJobDashboard -->
      </class> <!-- com.SL8Z.testcases.Verify_Action_Buttons_Single_Job_Dashboard -->
      <class name="com.SL8Z.testcases.Verify_Quick_Preview_Buttons">
        <test-method status="PASS" signature="initialize()[pri:0, instance:com.SL8Z.testcases.Verify_Quick_Preview_Buttons@622f599d]" name="initialize" is-config="true" duration-ms="2713" started-at="2014-02-18T15:28:10Z" finished-at="2014-02-18T15:28:12Z">
          <reporter-output>
          </reporter-output>
        </test-method> <!-- initialize -->
        <test-method status="PASS" signature="closeBrowser()[pri:0, instance:com.SL8Z.testcases.Verify_Quick_Preview_Buttons@622f599d]" name="closeBrowser" is-config="true" duration-ms="1178" started-at="2014-02-18T15:30:48Z" finished-at="2014-02-18T15:30:49Z">
          <reporter-output>
          </reporter-output>
        </test-method> <!-- closeBrowser -->
      </class> <!-- com.SL8Z.testcases.Verify_Quick_Preview_Buttons -->
    </test> <!-- Verify Action Buttons Single Job Dashboard -->
  </suite> <!-- SL8Z-Project -->
</testng-results>
